****************************************************************************
*********** Iteractive Configuration Interaction with Selection  ***********
     AUTHOR : NING ZHANG   , QiTCS, 100871, ningzhang1024@gmail.com        
     AUTHOR : QINGPENG WANG, QiTCS 
****************************************************************************



**************************************
*********** Print TaskInfo ***********
**************************************

 Spintwo / Irrep / nStates / OuterWeight / Weight
____________________________________
        0/      0/        1/     1.000000     1.00000000 
____________________________________


**************************************
***************  END  ****************
**************************************



******** Print Parameter ******* 

********** Basic Info **********

Selection Algorithm            = SiCI with iCI Criterion
Diagonization Algorithm        = LOBPCG
Initial Guess                  = CASCI
Perturbation                   = No Perturbation
Reduced Density Matrix         = Do not calculate RDMs
********** Cnotrol Info **********

Similarity Control                           = 0.950000
energy convergence tolerance for iCI (ETOL)  = 0.000000
Cmin Schedule                (CMIN_SCHEDULE) = 0.0000e+00 

**********  End  Parameter **********

nfzc      2 
nact      8 
nhole_act 4 
nvir      18 
size 264
size 1
 ****** cfgspace info ****** 
ncfg    :          175
ncsf    :          264
energy  :    -75.55289820
mxopen  :            8
after remove open shell cfgspace info 
ncfg    :          175
ncsf    :          264
energy  :    -75.55289820
mxopen  :            8
 --------------------- MRPT2 Driver --------------------- 
Time to build H0_Dyall_Integrals:           0.008 s
With Dyall Hamiltonian as H0


*************** Begin Second_Residue_Update ***************

memory            = 50208
Working Time      : cputime / walltime / effective core 
Total Time        :     0.01 /     0.00 / 16.75
Initialize Time   :     0.00 /     0.00 / 1.23
Calculation Time  :     0.01 /     0.00 / 17.19
Finalize Time     :     0.00 /     0.00 / 0.00


*************** End Second_Residue_Update ***************



*************** Begin Hmat_Construction ***************

dimension = 264
nnz               = 0
Working Time      : cputime / walltime / effective core 
Total Time        :     0.03 /     0.00 / 6.14
Initialize Time   :     0.00 /     0.00 / 1.06
Calculation Time  :     0.02 /     0.00 / 5.23
Finalize Time     :     0.01 /     0.00 / 14.85


*************** End Hmat_Construction ***************



*************** Begin Residue Free MVP ***************

Working Time      : cputime / walltime / effective core 
Total Time        :     0.06 /     0.01 / 6.40
Initialize Time   :     0.00 /     0.00 / 1.05
Calculation Time  :     0.06 /     0.01 / 6.40
Finalize Time     :     0.00 /     0.00 / 0.00


*************** End Residue Free MVP ***************

E0 =    -75.55289820 
Time to build Integrals_Dg and get E0:           0.016 s


*************** Begin Second_Residue_Update ***************

memory            = 50208
Working Time      : cputime / walltime / effective core 
Total Time        :     0.00 /     0.00 / 4.96
Initialize Time   :     0.00 /     0.00 / 1.10
Calculation Time  :     0.00 /     0.00 / 5.05
Finalize Time     :     0.00 /     0.00 / 0.00


*************** End Second_Residue_Update ***************

Time taken for _read_in_fcidump  : 8.53387 ms
Time taken for _build_other_info : 0.002162 ms


********** ENPT2 Info **********

Wall Time                   =    0.545
CPU  Time                   =    4.104
CPU / Wall                  =    7.527
ncfg_touched                =                 2424
ncsf_touched                =                 5376
ncsf_important              =                 5376
---------------------------------------------------
       var        /  perturbation  /     total     
       -75.55289820/    -0.08118527/   -75.63408347
---------------------------------------------------
Generate connection  record =    0.002 ( 0.05%)
sort connection record      =    0.001 ( 0.03%)
sort calculation record     =    0.035 ( 0.85%)
sort                        =    0.036 ( 0.88%)
calculation sigma           =    0.008 ( 0.20%)
collect result              =    0.000 ( 0.01%)
nWorkDone                   = 85


********************************

-8.118527e-02 
Time to perform V:           0.554 s
Time taken for _read_in_fcidump  : 18.7032 ms
Time taken for _build_other_info : 0.044412 ms
build PreCalculator_CCF time        0.004 s memory 1591496


********** ENPT2 Info **********

Wall Time                   =    0.316
CPU  Time                   =    2.380
CPU / Wall                  =    7.521
ncfg_touched                =                17392
ncsf_touched                =                54648
ncsf_important              =                54212
---------------------------------------------------
       var        /  perturbation  /     total     
       -75.55289820/    -0.05826515/   -75.61116335
---------------------------------------------------
Generate connection  record =    0.000 ( 0.00%)
sort connection record      =    0.000 ( 0.00%)
sort calculation record     =    0.000 ( 0.00%)
sort                        =    0.000 ( 0.00%)
calculation sigma           =    0.000 ( 0.00%)
collect result              =    0.000 ( 0.00%)
nWorkDone                   = 0


********************************

Time to perform VV:           0.336 s


*************** Begin Residue Update Algo OrbRange MRPT2 ***************

memory            = 79184
Working Time      : cputime / walltime / effective core 
Total Time        :     0.00 /     0.00 / 5.72
Initialize Time   :     0.00 /     0.00 / 0.00
Calculation Time  :     0.00 /     0.00 / 5.80
Finalize Time     :     0.00 /     0.00 / 4.83


*************** End Residue Update Algo OrbRange MRPT2 ***************

Time taken for _read_in_fcidump  : 14.4252 ms
Time taken for _build_other_info : 0.0014 ms


********** ENPT2 Info **********

Wall Time                   =    0.401
CPU  Time                   =    2.398
CPU / Wall                  =    5.976
ncfg_touched                =                  300
ncsf_touched                =                  616
ncsf_important              =                  616
---------------------------------------------------
       var        /  perturbation  /     total     
       -75.55289820/    -0.00007953/   -75.55297772
---------------------------------------------------
Generate connection  record =    0.001 ( 0.04%)
sort connection record      =    0.001 ( 0.05%)
sort calculation record     =    0.000 ( 0.02%)
sort                        =    0.001 ( 0.06%)
calculation sigma           =    0.003 ( 0.14%)
collect result              =    0.000 ( 0.00%)
nWorkDone                   = 50


********************************

Time to perform C:           0.416 s
Time taken for _read_in_fcidump  : 13.6874 ms
Time taken for _build_other_info : 0.046474 ms
n_threads 8 n_work 987 nwork_dbl 978
build PreCalculator_CCF time        0.005 s memory 4497040


********** ENPT2 Info **********

Wall Time                   =    0.348
CPU  Time                   =    2.717
CPU / Wall                  =    7.818
ncfg_touched                =                 5288
ncsf_touched                =                18784
ncsf_important              =                18780
---------------------------------------------------
       var        /  perturbation  /     total     
       -75.55289820/    -0.00086854/   -75.55376674
---------------------------------------------------
Generate connection  record =    0.000 ( 0.00%)
sort connection record      =    0.000 ( 0.00%)
sort calculation record     =    0.000 ( 0.00%)
sort                        =    0.000 ( 0.00%)
calculation sigma           =    0.000 ( 0.00%)
collect result              =    0.000 ( 0.00%)
nWorkDone                   = 0


********************************

Time to perform CV:           0.362 s
Time taken for _read_in_fcidump  : 11.5742 ms
Time taken for _build_other_info : 0.023969 ms


*************** Begin Second_Residue_Update ***************

memory            = 50208
Working Time      : cputime / walltime / effective core 
Total Time        :     0.00 /     0.00 / 1.52
Initialize Time   :     0.00 /     0.00 / 1.03
Calculation Time  :     0.00 /     0.00 / 1.52
Finalize Time     :     0.00 /     0.00 / 0.00


*************** End Second_Residue_Update ***************

build PreCalculator_CCF time        0.004 s memory 1591496


********** ENPT2 Info **********

Wall Time                   =    0.316
CPU  Time                   =    2.557
CPU / Wall                  =    8.083
ncfg_touched                =                  368
ncsf_touched                =                  696
ncsf_important              =                  696
---------------------------------------------------
       var        /  perturbation  /     total     
       -75.55289820/    -0.00001700/   -75.55291520
---------------------------------------------------
Generate connection  record =    0.000 ( 0.00%)
sort connection record      =    0.000 ( 0.00%)
sort calculation record     =    0.000 ( 0.00%)
sort                        =    0.000 ( 0.00%)
calculation sigma           =    0.000 ( 0.00%)
collect result              =    0.000 ( 0.00%)
nWorkDone                   = 0


********************************

Time to perform CC:           0.329 s
Total Work Time :           2.028 s
----------------------------------
(ncore, nvirt) | E2
(    0,     1) |     -0.08118527 
(    0,     2) |     -0.05826515 
(    1,     0) |     -0.00007953 
(    1,     1) |     -0.00086854 
(    1,     2) |      0.00000000 
(    2,     0) |     -0.00001700 
(    2,     1) |      0.00000000 
(    2,     2) |      0.00000000 
----------------------------------
 --------------------- MRPT2 Driver End --------------------- 
